# JRE version: OpenJDK Runtime Environment (8.0_152-b01) (build 1.8.0_152-release-915-b01)
# Java VM: OpenJDK 64-Bit Server VM (25.152-b01 mixed mode linux-amd64 compressed oops)
Heap:
 PSYoungGen      total 484352K, used 0K [0x00000000e0000000, 0x0000000100000000, 0x0000000100000000)
  eden space 444416K, 0% used [0x00000000e0000000,0x00000000e0000000,0x00000000fb200000)
  from space 39936K, 0% used [0x00000000fb200000,0x00000000fb200000,0x00000000fd900000)
  to   space 39936K, 0% used [0x00000000fd900000,0x00000000fd900000,0x0000000100000000)
 ParOldGen       total 133632K, used 105676K [0x00000000a0000000, 0x00000000a8280000, 0x00000000e0000000)
  object space 133632K, 79% used [0x00000000a0000000,0x00000000a6733298,0x00000000a8280000)
 Metaspace       used 86845K, capacity 91808K, committed 95576K, reserved 1132544K
  class space    used 10800K, capacity 11928K, committed 12672K, reserved 1048576K
GC Heap History (10 events):
Event: 5153.096 GC heap after
Heap after GC invocations=20 (full 3):
 PSYoungGen      total 486400K, used 25395K [0x00000000e0000000, 0x0000000100000000, 0x0000000100000000)
  eden space 460800K, 0% used [0x00000000e0000000,0x00000000e0000000,0x00000000fc200000)
  from space 25600K, 99% used [0x00000000fc200000,0x00000000fdaccce0,0x00000000fdb00000)
  to   space 33792K, 0% used [0x00000000fdf00000,0x00000000fdf00000,0x0000000100000000)
 ParOldGen       total 132608K, used 84522K [0x00000000a0000000, 0x00000000a8180000, 0x00000000e0000000)
  object space 132608K, 63% used [0x00000000a0000000,0x00000000a528aa60,0x00000000a8180000)
 Metaspace       used 87498K, capacity 92938K, committed 93144K, reserved 1130496K
  class space    used 11031K, capacity 12265K, committed 12288K, reserved 1048576K
}
Event: 5190.930 GC heap before
{Heap before GC invocations=21 (full 3):
 PSYoungGen      total 486400K, used 486195K [0x00000000e0000000, 0x0000000100000000, 0x0000000100000000)
  eden space 460800K, 100% used [0x00000000e0000000,0x00000000fc200000,0x00000000fc200000)
  from space 25600K, 99% used [0x00000000fc200000,0x00000000fdaccce0,0x00000000fdb00000)
  to   space 33792K, 0% used [0x00000000fdf00000,0x00000000fdf00000,0x0000000100000000)
 ParOldGen       total 132608K, used 84522K [0x00000000a0000000, 0x00000000a8180000, 0x00000000e0000000)
  object space 132608K, 63% used [0x00000000a0000000,0x00000000a528aa60,0x00000000a8180000)
 Metaspace       used 88688K, capacity 94380K, committed 94424K, reserved 1130496K
  class space    used 11217K, capacity 12520K, committed 12544K, reserved 1048576K
Event: 5190.939 GC heap after
Heap after GC invocations=21 (full 3):
 PSYoungGen      total 491520K, used 10467K [0x00000000e0000000, 0x0000000100000000, 0x0000000100000000)
  eden space 457728K, 0% used [0x00000000e0000000,0x00000000e0000000,0x00000000fbf00000)
  from space 33792K, 30% used [0x00000000fdf00000,0x00000000fe938c00,0x0000000100000000)
  to   space 32768K, 0% used [0x00000000fbf00000,0x00000000fbf00000,0x00000000fdf00000)
 ParOldGen       total 132608K, used 84530K [0x00000000a0000000, 0x00000000a8180000, 0x00000000e0000000)
  object space 132608K, 63% used [0x00000000a0000000,0x00000000a528ca60,0x00000000a8180000)
 Metaspace       used 88688K, capacity 94380K, committed 94424K, reserved 1130496K
  class space    used 11217K, capacity 12520K, committed 12544K, reserved 1048576K
}
Event: 5192.995 GC heap before
{Heap before GC invocations=22 (full 3):
 PSYoungGen      total 491520K, used 468195K [0x00000000e0000000, 0x0000000100000000, 0x0000000100000000)
  eden space 457728K, 100% used [0x00000000e0000000,0x00000000fbf00000,0x00000000fbf00000)
  from space 33792K, 30% used [0x00000000fdf00000,0x00000000fe938c00,0x0000000100000000)
  to   space 32768K, 0% used [0x00000000fbf00000,0x00000000fbf00000,0x00000000fdf00000)
 ParOldGen       total 132608K, used 84530K [0x00000000a0000000, 0x00000000a8180000, 0x00000000e0000000)
  object space 132608K, 63% used [0x00000000a0000000,0x00000000a528ca60,0x00000000a8180000)
 Metaspace       used 89058K, capacity 94844K, committed 95064K, reserved 1132544K
  class space    used 11244K, capacity 12558K, committed 12672K, reserved 1048576K
Event: 5193.013 GC heap after
Heap after GC invocations=22 (full 3):
 PSYoungGen      total 490496K, used 32758K [0x00000000e0000000, 0x0000000100000000, 0x0000000100000000)
  eden space 457728K, 0% used [0x00000000e0000000,0x00000000e0000000,0x00000000fbf00000)
  from space 32768K, 99% used [0x00000000fbf00000,0x00000000fdefdb08,0x00000000fdf00000)
  to   space 33792K, 0% used [0x00000000fdf00000,0x00000000fdf00000,0x0000000100000000)
 ParOldGen       total 132608K, used 94458K [0x00000000a0000000, 0x00000000a8180000, 0x00000000e0000000)
  object space 132608K, 71% used [0x00000000a0000000,0x00000000a5c3e830,0x00000000a8180000)
 Metaspace       used 89058K, capacity 94844K, committed 95064K, reserved 1132544K
  class space    used 11244K, capacity 12558K, committed 12672K, reserved 1048576K
}
Event: 5251.596 GC heap before
{Heap before GC invocations=23 (full 3):
 PSYoungGen      total 490496K, used 490486K [0x00000000e0000000, 0x0000000100000000, 0x0000000100000000)
  eden space 457728K, 100% used [0x00000000e0000000,0x00000000fbf00000,0x00000000fbf00000)
  from space 32768K, 99% used [0x00000000fbf00000,0x00000000fdefdb08,0x00000000fdf00000)
  to   space 33792K, 0% used [0x00000000fdf00000,0x00000000fdf00000,0x0000000100000000)
 ParOldGen       total 132608K, used 94458K [0x00000000a0000000, 0x00000000a8180000, 0x00000000e0000000)
  object space 132608K, 71% used [0x00000000a0000000,0x00000000a5c3e830,0x00000000a8180000)
 Metaspace       used 89324K, capacity 95242K, committed 95320K, reserved 1132544K
  class space    used 11264K, capacity 12611K, committed 12672K, reserved 1048576K
Event: 5251.802 GC heap after
Heap after GC invocations=23 (full 3):
 PSYoungGen      total 478208K, used 12007K [0x00000000e0000000, 0x0000000100000000, 0x0000000100000000)
  eden space 444416K, 0% used [0x00000000e0000000,0x00000000e0000000,0x00000000fb200000)
  from space 33792K, 35% used [0x00000000fdf00000,0x00000000feab9eb8,0x0000000100000000)
  to   space 39936K, 0% used [0x00000000fb200000,0x00000000fb200000,0x00000000fd900000)
 ParOldGen       total 132608K, used 97304K [0x00000000a0000000, 0x00000000a8180000, 0x00000000e0000000)
  object space 132608K, 73% used [0x00000000a0000000,0x00000000a5f06258,0x00000000a8180000)
 Metaspace       used 89324K, capacity 95242K, committed 95320K, reserved 1132544K
  class space    used 11264K, capacity 12611K, committed 12672K, reserved 1048576K
}
Event: 5252.762 GC heap before
{Heap before GC invocations=24 (full 3):
 PSYoungGen      total 478208K, used 456423K [0x00000000e0000000, 0x0000000100000000, 0x0000000100000000)
  eden space 444416K, 100% used [0x00000000e0000000,0x00000000fb200000,0x00000000fb200000)
  from space 33792K, 35% used [0x00000000fdf00000,0x00000000feab9eb8,0x0000000100000000)
  to   space 39936K, 0% used [0x00000000fb200000,0x00000000fb200000,0x00000000fd900000)
 ParOldGen       total 132608K, used 97304K [0x00000000a0000000, 0x00000000a8180000, 0x00000000e0000000)
  object space 132608K, 73% used [0x00000000a0000000,0x00000000a5f06258,0x00000000a8180000)
 Metaspace       used 89394K, capacity 95306K, committed 95576K, reserved 1132544K
  class space    used 11264K, capacity 12611K, committed 12672K, reserved 1048576K
Event: 5252.813 GC heap after
Heap after GC invocations=24 (full 3):
 PSYoungGen      total 484352K, used 39933K [0x00000000e0000000, 0x0000000100000000, 0x0000000100000000)
  eden space 444416K, 0% used [0x00000000e0000000,0x00000000e0000000,0x00000000fb200000)
  from space 39936K, 99% used [0x00000000fb200000,0x00000000fd8ff7a0,0x00000000fd900000)
  to   space 39936K, 0% used [0x00000000fd900000,0x00000000fd900000,0x0000000100000000)
 ParOldGen       total 133632K, used 133431K [0x00000000a0000000, 0x00000000a8280000, 0x00000000e0000000)
  object space 133632K, 99% used [0x00000000a0000000,0x00000000a824df40,0x00000000a8280000)
 Metaspace       used 89394K, capacity 95306K, committed 95576K, reserved 1132544K
  class space    used 11264K, capacity 12611K, committed 12672K, reserved 1048576K
}
Event: 5252.813 GC heap before
{Heap before GC invocations=25 (full 4):
 PSYoungGen      total 484352K, used 39933K [0x00000000e0000000, 0x0000000100000000, 0x0000000100000000)
  eden space 444416K, 0% used [0x00000000e0000000,0x00000000e0000000,0x00000000fb200000)
  from space 39936K, 99% used [0x00000000fb200000,0x00000000fd8ff7a0,0x00000000fd900000)
  to   space 39936K, 0% used [0x00000000fd900000,0x00000000fd900000,0x0000000100000000)
 ParOldGen       total 133632K, used 133431K [0x00000000a0000000, 0x00000000a8280000, 0x00000000e0000000)
  object space 133632K, 99% used [0x00000000a0000000,0x00000000a824df40,0x00000000a8280000)
 Metaspace       used 89394K, capacity 95306K, committed 95576K, reserved 1132544K
  class space    used 11264K, capacity 12611K, committed 12672K, reserved 1048576K

